### Reannotations starts ###

annotation done for NW_023496832.1 at chromosome 3R
annotation done for NW_023496823.1 at chromosome 3R
annotation done for NW_023496802.1 at chromosome 2L
annotation done for NW_023496806.1 at chromosome 2R
annotation done for NW_023496801.1 at chromosome 2L
annotation done for NW_023496809.1 at chromosome 2R
annotation done for NW_023496814.1 at chromosome 3L
annotation done for NW_023496805.1 at chromosome 2R
annotation done for NW_023496804.1 at chromosome 2R
annotation done for NW_023496813.1 at chromosome 3L
annotation done for NW_023496803.1 at chromosome 2L
annotation done for NW_023496811.1 at chromosome 3L
annotation done for NW_023496820.1 at chromosome 3R
annotation done for NW_023496818.1 at chromosome 3R
annotation done for NW_023496821.1 at chromosome 3R
annotation done for NW_023496844.1 at chromosome X
annotation done for NW_023496829.1 at chromosome 3R
annotation done for NW_023496839.1 at chromosome 3R
annotation done for NW_023496840.1 at chromosome 3R
annotation done for NW_023496827.1 at chromosome 3R
annotation done for NW_023496838.1 at chromosome 3R
annotation done for NW_023496826.1 at chromosome 3R
annotation done for NW_023496815.1 at chromosome 3L
annotation done for NW_023496830.1 at chromosome 3R
annotation done for NW_023496831.1 at chromosome 3R
annotation done for NW_023496825.1 at chromosome 3R
annotation done for NW_023496824.1 at chromosome 3R
annotation done for NW_023496847.1 at chromosome X
annotation done for NW_023496842.1 at chromosome X
annotation done for NW_023496810.1 at chromosome 3L
annotation done for NW_023496843.1 at chromosome X
annotation done for NW_023496834.1 at chromosome 3R
annotation done for NW_023496833.1 at chromosome 3R
annotation done for NC_050699.1 at chromosome 4
annotation done for NW_023496828.1 at chromosome 3R
annotation done for NW_023496822.1 at chromosome 3R
annotation done for NW_023496817.1 at chromosome 3R
annotation done for NW_023496841.1 at chromosome X
annotation done for NW_023496819.1 at chromosome 3R
annotation done for NW_023496816.1 at chromosome 3R
annotation done for NW_023496836.1 at chromosome 3R
annotation done for NW_023496837.1 at chromosome 3R
annotation done for NW_023496846.1 at chromosome X
annotation done for NW_023496835.1 at chromosome 3R
annotation done for NW_023496808.1 at chromosome 2R
annotation done for NW_023496845.1 at chromosome X
annotation done for NW_023496807.1 at chromosome 2R
annotation done for NW_023496800.1 at chromosome 2L
annotation done for NW_023496812.1 at chromosome 3L
### Reannotations ends ###

### Merging starts ###

### Merging ends ###

